0 info it worked if it ends with ok
1 verbose cli [ '/Users/sharon/.nvm/versions/node/v6.9.2/bin/node',
1 verbose cli   '/Users/sharon/.nvm/versions/node/v6.9.2/bin/npm',
1 verbose cli   'run',
1 verbose cli   'build' ]
2 info using npm@3.10.9
3 info using node@v6.9.2
4 verbose run-script [ 'prebuild', 'build', 'postbuild' ]
5 info lifecycle p2pu-website@1.0.0~prebuild: p2pu-website@1.0.0
6 silly lifecycle p2pu-website@1.0.0~prebuild: no script for prebuild, continuing
7 info lifecycle p2pu-website@1.0.0~build: p2pu-website@1.0.0
8 verbose lifecycle p2pu-website@1.0.0~build: unsafe-perm in lifecycle true
9 verbose lifecycle p2pu-website@1.0.0~build: PATH: /Users/sharon/.nvm/versions/node/v6.9.2/lib/node_modules/npm/bin/node-gyp-bin:/Users/sharon/Projects/p2pu-website/node_modules/.bin:/Users/sharon/.rvm/gems/ruby-2.3.0/bin:/Users/sharon/.rvm/gems/ruby-2.3.0@global/bin:/Users/sharon/.rvm/rubies/ruby-2.3.0/bin:/Users/sharon/Downloads/google-cloud-sdk/bin:/Library/Frameworks/Python.framework/Versions/3.5/bin:/Users/sharon/.nvm/versions/node/v6.9.2/bin:/Users/sharon/bin:/usr/local/bin:/usr/local/bin:/usr/bin:/bin:/usr/sbin:/sbin:/usr/local/git/bin:/Users/sharon/.rvm/bin
10 verbose lifecycle p2pu-website@1.0.0~build: CWD: /Users/sharon/Projects/p2pu-website
11 silly lifecycle p2pu-website@1.0.0~build: Args: [ '-c', 'webpack --config webpack.base.config.js' ]
12 silly lifecycle p2pu-website@1.0.0~build: Returned: code: 2  signal: null
13 info lifecycle p2pu-website@1.0.0~build: Failed to exec build script
14 verbose stack Error: p2pu-website@1.0.0 build: `webpack --config webpack.base.config.js`
14 verbose stack Exit status 2
14 verbose stack     at EventEmitter.<anonymous> (/Users/sharon/.nvm/versions/node/v6.9.2/lib/node_modules/npm/lib/utils/lifecycle.js:255:16)
14 verbose stack     at emitTwo (events.js:106:13)
14 verbose stack     at EventEmitter.emit (events.js:191:7)
14 verbose stack     at ChildProcess.<anonymous> (/Users/sharon/.nvm/versions/node/v6.9.2/lib/node_modules/npm/lib/utils/spawn.js:40:14)
14 verbose stack     at emitTwo (events.js:106:13)
14 verbose stack     at ChildProcess.emit (events.js:191:7)
14 verbose stack     at maybeClose (internal/child_process.js:877:16)
14 verbose stack     at Process.ChildProcess._handle.onexit (internal/child_process.js:226:5)
15 verbose pkgid p2pu-website@1.0.0
16 verbose cwd /Users/sharon/Projects/p2pu-website
17 error Darwin 16.6.0
18 error argv "/Users/sharon/.nvm/versions/node/v6.9.2/bin/node" "/Users/sharon/.nvm/versions/node/v6.9.2/bin/npm" "run" "build"
19 error node v6.9.2
20 error npm  v3.10.9
21 error code ELIFECYCLE
22 error p2pu-website@1.0.0 build: `webpack --config webpack.base.config.js`
22 error Exit status 2
23 error Failed at the p2pu-website@1.0.0 build script 'webpack --config webpack.base.config.js'.
23 error Make sure you have the latest version of node.js and npm installed.
23 error If you do, this is most likely a problem with the p2pu-website package,
23 error not with npm itself.
23 error Tell the author that this fails on your system:
23 error     webpack --config webpack.base.config.js
23 error You can get information on how to open an issue for this project with:
23 error     npm bugs p2pu-website
23 error Or if that isn't available, you can get their info via:
23 error     npm owner ls p2pu-website
23 error There is likely additional logging output above.
24 verbose exit [ 1, true ]
